<?xml version="1.0" encoding="UTF-8"?>
<testsuite hostname="RootOfEvil.local" name="org.forgerock.audit.impl.AuditLogFilterBuilderTest" tests="42" failures="0" timestamp="2 Mar 2015 17:50:10 GMT" time="0.673" errors="0">
  <testcase name="testActivityActionFilter" time="0.254" classname="org.forgerock.audit.impl.AuditLogFilterBuilderTest"/>
  <testcase name="testActivityActionFilterWithNonRequestTypeAction" time="0.001" classname="org.forgerock.audit.impl.AuditLogFilterBuilderTest"/>
  <testcase name="testCompositeIdentity" time="0.026" classname="org.forgerock.audit.impl.AuditLogFilterBuilderTest"/>
  <testcase name="testCompositeIdentity" time="0.001" classname="org.forgerock.audit.impl.AuditLogFilterBuilderTest"/>
  <testcase name="testCompositeIdentity" time="0.001" classname="org.forgerock.audit.impl.AuditLogFilterBuilderTest"/>
  <testcase name="testCompositeIdentity" time="0.0" classname="org.forgerock.audit.impl.AuditLogFilterBuilderTest"/>
  <testcase name="testCompositeIdentity" time="0.001" classname="org.forgerock.audit.impl.AuditLogFilterBuilderTest"/>
  <testcase name="testCompositeIdentity" time="0.001" classname="org.forgerock.audit.impl.AuditLogFilterBuilderTest"/>
  <testcase name="testCompositeIdentity" time="0.001" classname="org.forgerock.audit.impl.AuditLogFilterBuilderTest"/>
  <testcase name="testCompositeIdentity" time="0.001" classname="org.forgerock.audit.impl.AuditLogFilterBuilderTest"/>
  <testcase name="testFieldFilter" time="0.003" classname="org.forgerock.audit.impl.AuditLogFilterBuilderTest"/>
  <testcase name="testFieldFilterDuplicate" time="0.001" classname="org.forgerock.audit.impl.AuditLogFilterBuilderTest"/>
  <testcase name="testGetByGlob" time="0.004" classname="org.forgerock.audit.impl.AuditLogFilterBuilderTest"/>
  <testcase name="testFilterActivityAllExcluded" time="0.021" classname="org.forgerock.audit.impl.AuditServiceImplTest"/>
  <testcase name="testFilterActivityAuditContext" time="0.012" classname="org.forgerock.audit.impl.AuditServiceImplTest"/>
  <testcase name="testFilterActivityExplicitlyIncluded" time="0.089" classname="org.forgerock.audit.impl.AuditServiceImplTest"/>
  <testcase name="testFilterActivityNone" time="0.002" classname="org.forgerock.audit.impl.AuditServiceImplTest"/>
  <testcase name="testFilterActivityUnknownAction" time="0.003" classname="org.forgerock.audit.impl.AuditServiceImplTest"/>
  <testcase name="testCreateEntry" time="0.008" classname="org.forgerock.audit.impl.RepoAuditLoggerTest"/>
  <testcase name="testCreateEntry" time="0.001" classname="org.forgerock.audit.impl.RepoAuditLoggerTest"/>
  <testcase name="testCreateEntry" time="0.0" classname="org.forgerock.audit.impl.RepoAuditLoggerTest"/>
  <testcase name="testCreateEntry" time="0.0" classname="org.forgerock.audit.impl.RepoAuditLoggerTest"/>
  <testcase name="testReadMultipleEntries" time="0.006" classname="org.forgerock.audit.impl.RepoAuditLoggerTest"/>
  <testcase name="testReadMultipleEntries" time="0.001" classname="org.forgerock.audit.impl.RepoAuditLoggerTest"/>
  <testcase name="testReadMultipleEntries" time="0.009" classname="org.forgerock.audit.impl.RepoAuditLoggerTest"/>
  <testcase name="testReadMultipleEntries" time="0.001" classname="org.forgerock.audit.impl.RepoAuditLoggerTest"/>
  <testcase name="testReadSingleEntry" time="0.001" classname="org.forgerock.audit.impl.RepoAuditLoggerTest"/>
  <testcase name="testReadSingleEntry" time="0.0" classname="org.forgerock.audit.impl.RepoAuditLoggerTest"/>
  <testcase name="testReadSingleEntry" time="0.0" classname="org.forgerock.audit.impl.RepoAuditLoggerTest"/>
  <testcase name="testReadSingleEntry" time="0.0" classname="org.forgerock.audit.impl.RepoAuditLoggerTest"/>
  <testcase name="testCreateEntry" time="0.015" classname="org.forgerock.audit.impl.RouterAuditLoggerTest"/>
  <testcase name="testCreateEntry" time="0.004" classname="org.forgerock.audit.impl.RouterAuditLoggerTest"/>
  <testcase name="testCreateEntry" time="0.012" classname="org.forgerock.audit.impl.RouterAuditLoggerTest"/>
  <testcase name="testCreateEntry" time="0.006" classname="org.forgerock.audit.impl.RouterAuditLoggerTest"/>
  <testcase name="testReadMultipleEntries" time="0.001" classname="org.forgerock.audit.impl.RouterAuditLoggerTest"/>
  <testcase name="testReadMultipleEntries" time="0.0" classname="org.forgerock.audit.impl.RouterAuditLoggerTest"/>
  <testcase name="testReadMultipleEntries" time="0.001" classname="org.forgerock.audit.impl.RouterAuditLoggerTest"/>
  <testcase name="testReadMultipleEntries" time="0.001" classname="org.forgerock.audit.impl.RouterAuditLoggerTest"/>
  <testcase name="testReadSingleEntry" time="0.001" classname="org.forgerock.audit.impl.RouterAuditLoggerTest"/>
  <testcase name="testReadSingleEntry" time="0.001" classname="org.forgerock.audit.impl.RouterAuditLoggerTest"/>
  <testcase name="testReadSingleEntry" time="0.001" classname="org.forgerock.audit.impl.RouterAuditLoggerTest"/>
  <testcase name="testReadSingleEntry" time="0.001" classname="org.forgerock.audit.impl.RouterAuditLoggerTest"/>
</testsuite>
