<?xml version="1.0" encoding="UTF-8" ?>
<testsuite failures="0" time="0.489" errors="0" skipped="0" tests="42" name="TestSuite">
  <properties>
[...]
</properties>
  <testcase time="0.254" classname="org.forgerock.audit.impl.AuditLogFilterBuilderTest" name="testActivityActionFilter"/>
  <testcase time="0" classname="org.forgerock.audit.impl.AuditLogFilterBuilderTest" name="testActivityActionFilterWithNonRequestTypeAction"/>
  <testcase time="0.026" classname="org.forgerock.audit.impl.AuditLogFilterBuilderTest" name="testCompositeIdentity"/>
  <testcase time="0" classname="org.forgerock.audit.impl.AuditLogFilterBuilderTest" name="testCompositeIdentity"/>
  <testcase time="0.001" classname="org.forgerock.audit.impl.AuditLogFilterBuilderTest" name="testCompositeIdentity"/>
  <testcase time="0" classname="org.forgerock.audit.impl.AuditLogFilterBuilderTest" name="testCompositeIdentity"/>
  <testcase time="0" classname="org.forgerock.audit.impl.AuditLogFilterBuilderTest" name="testCompositeIdentity"/>
  <testcase time="0" classname="org.forgerock.audit.impl.AuditLogFilterBuilderTest" name="testCompositeIdentity"/>
  <testcase time="0.001" classname="org.forgerock.audit.impl.AuditLogFilterBuilderTest" name="testCompositeIdentity"/>
  <testcase time="0.001" classname="org.forgerock.audit.impl.AuditLogFilterBuilderTest" name="testCompositeIdentity"/>
  <testcase time="0.003" classname="org.forgerock.audit.impl.AuditLogFilterBuilderTest" name="testFieldFilter"/>
  <testcase time="0.001" classname="org.forgerock.audit.impl.AuditLogFilterBuilderTest" name="testFieldFilterDuplicate"/>
  <testcase time="0.004" classname="org.forgerock.audit.impl.AuditLogFilterBuilderTest" name="testGetByGlob"/>
  <testcase time="0.022" classname="org.forgerock.audit.impl.AuditServiceImplTest" name="testFilterActivityAllExcluded"/>
  <testcase time="0.012" classname="org.forgerock.audit.impl.AuditServiceImplTest" name="testFilterActivityAuditContext"/>
  <testcase time="0.089" classname="org.forgerock.audit.impl.AuditServiceImplTest" name="testFilterActivityExplicitlyIncluded"/>
  <testcase time="0.002" classname="org.forgerock.audit.impl.AuditServiceImplTest" name="testFilterActivityNone"/>
  <testcase time="0.003" classname="org.forgerock.audit.impl.AuditServiceImplTest" name="testFilterActivityUnknownAction"/>
  <testcase time="0.007" classname="org.forgerock.audit.impl.RepoAuditLoggerTest" name="testCreateEntry"/>
  <testcase time="0.001" classname="org.forgerock.audit.impl.RepoAuditLoggerTest" name="testCreateEntry"/>
  <testcase time="0" classname="org.forgerock.audit.impl.RepoAuditLoggerTest" name="testCreateEntry"/>
  <testcase time="0" classname="org.forgerock.audit.impl.RepoAuditLoggerTest" name="testCreateEntry"/>
  <testcase time="0.005" classname="org.forgerock.audit.impl.RepoAuditLoggerTest" name="testReadMultipleEntries"/>
  <testcase time="0" classname="org.forgerock.audit.impl.RepoAuditLoggerTest" name="testReadMultipleEntries"/>
  <testcase time="0.008" classname="org.forgerock.audit.impl.RepoAuditLoggerTest" name="testReadMultipleEntries"/>
  <testcase time="0.001" classname="org.forgerock.audit.impl.RepoAuditLoggerTest" name="testReadMultipleEntries"/>
  <testcase time="0.002" classname="org.forgerock.audit.impl.RepoAuditLoggerTest" name="testReadSingleEntry"/>
  <testcase time="0.001" classname="org.forgerock.audit.impl.RepoAuditLoggerTest" name="testReadSingleEntry"/>
  <testcase time="0.001" classname="org.forgerock.audit.impl.RepoAuditLoggerTest" name="testReadSingleEntry"/>
  <testcase time="0.001" classname="org.forgerock.audit.impl.RepoAuditLoggerTest" name="testReadSingleEntry"/>
  <testcase time="0.015" classname="org.forgerock.audit.impl.RouterAuditLoggerTest" name="testCreateEntry"/>
  <testcase time="0.005" classname="org.forgerock.audit.impl.RouterAuditLoggerTest" name="testCreateEntry"/>
  <testcase time="0.012" classname="org.forgerock.audit.impl.RouterAuditLoggerTest" name="testCreateEntry"/>
  <testcase time="0.005" classname="org.forgerock.audit.impl.RouterAuditLoggerTest" name="testCreateEntry"/>
  <testcase time="0.001" classname="org.forgerock.audit.impl.RouterAuditLoggerTest" name="testReadMultipleEntries"/>
  <testcase time="0" classname="org.forgerock.audit.impl.RouterAuditLoggerTest" name="testReadMultipleEntries"/>
  <testcase time="0.001" classname="org.forgerock.audit.impl.RouterAuditLoggerTest" name="testReadMultipleEntries"/>
  <testcase time="0.001" classname="org.forgerock.audit.impl.RouterAuditLoggerTest" name="testReadMultipleEntries"/>
  <testcase time="0.001" classname="org.forgerock.audit.impl.RouterAuditLoggerTest" name="testReadSingleEntry"/>
  <testcase time="0" classname="org.forgerock.audit.impl.RouterAuditLoggerTest" name="testReadSingleEntry"/>
  <testcase time="0.001" classname="org.forgerock.audit.impl.RouterAuditLoggerTest" name="testReadSingleEntry"/>
  <testcase time="0.001" classname="org.forgerock.audit.impl.RouterAuditLoggerTest" name="testReadSingleEntry"/>
</testsuite>